2017-05-19 02:55:55.625+0000 INFO [o.n.k.i.f.CommunityEditionModule] No locking implementation specified, defaulting to 'community'
2017-05-19 02:55:55.945+0000 INFO [o.n.k.AvailabilityGuard] Requirement makes database unavailable: Database available
2017-05-19 02:55:55.995+0000 INFO [o.n.k.i.DiagnosticsManager] --- INITIALIZED diagnostics START ---
2017-05-19 02:55:55.996+0000 INFO [o.n.k.i.DiagnosticsManager] Neo4j Kernel properties:
2017-05-19 02:55:55.996+0000 INFO [o.n.k.i.DiagnosticsManager] dbms.security.auth_enabled=true
2017-05-19 02:55:55.996+0000 INFO [o.n.k.i.DiagnosticsManager] dbms.directories.import=import
2017-05-19 02:55:55.997+0000 INFO [o.n.k.i.DiagnosticsManager] causal_clustering.raft_advertised_address=566e92463cd8:7000
2017-05-19 02:55:55.997+0000 INFO [o.n.k.i.DiagnosticsManager] dbms.memory.heap.initial_size=512M
2017-05-19 02:55:55.997+0000 INFO [o.n.k.i.DiagnosticsManager] dbms.tx_log.rotation.retention.policy=100M size
2017-05-19 02:55:55.997+0000 INFO [o.n.k.i.DiagnosticsManager] ha.host.coordination=566e92463cd8:5001
2017-05-19 02:55:55.997+0000 INFO [o.n.k.i.DiagnosticsManager] dbms.jvm.additional=-Dunsupported.dbms.udc.source=tarball
2017-05-19 02:55:55.997+0000 INFO [o.n.k.i.DiagnosticsManager] dbms.tx_log.rotation.retention_policy=1 days
2017-05-19 02:55:56.004+0000 INFO [o.n.k.i.DiagnosticsManager] dbms.windows_service_name=neo4j
2017-05-19 02:55:56.004+0000 INFO [o.n.k.i.DiagnosticsManager] dbms.connector.bolt.listen_address=0.0.0.0:7687
2017-05-19 02:55:56.004+0000 INFO [o.n.k.i.DiagnosticsManager] dbms.connector.bolt.enabled=true
2017-05-19 02:55:56.005+0000 INFO [o.n.k.i.DiagnosticsManager] dbms.connector.http.enabled=true
2017-05-19 02:55:56.005+0000 INFO [o.n.k.i.DiagnosticsManager] causal_clustering.discovery_listen_address=0.0.0.0:5000
2017-05-19 02:55:56.005+0000 INFO [o.n.k.i.DiagnosticsManager] dbms.connector.bolt.type=BOLT
2017-05-19 02:55:56.005+0000 INFO [o.n.k.i.DiagnosticsManager] dbms.connector.http.listen_address=0.0.0.0:7474
2017-05-19 02:55:56.005+0000 INFO [o.n.k.i.DiagnosticsManager] unsupported.dbms.directories.neo4j_home=/var/lib/neo4j
2017-05-19 02:55:56.005+0000 INFO [o.n.k.i.DiagnosticsManager] causal_clustering.raft_listen_address=0.0.0.0:7000
2017-05-19 02:55:56.005+0000 INFO [o.n.k.i.DiagnosticsManager] dbms.connector.https.enabled=true
2017-05-19 02:55:56.005+0000 INFO [o.n.k.i.DiagnosticsManager] dbms.connector.http.type=HTTP
2017-05-19 02:55:56.005+0000 INFO [o.n.k.i.DiagnosticsManager] dbms.memory.heap.max_size=512M
2017-05-19 02:55:56.005+0000 INFO [o.n.k.i.DiagnosticsManager] dbms.connectors.default_listen_address=0.0.0.0
2017-05-19 02:55:56.005+0000 INFO [o.n.k.i.DiagnosticsManager] dbms.connector.https.listen_address=0.0.0.0:7473
2017-05-19 02:55:56.005+0000 INFO [o.n.k.i.DiagnosticsManager] causal_clustering.transaction_advertised_address=566e92463cd8:6000
2017-05-19 02:55:56.006+0000 INFO [o.n.k.i.DiagnosticsManager] causal_clustering.discovery_advertised_address=566e92463cd8:5000
2017-05-19 02:55:56.006+0000 INFO [o.n.k.i.DiagnosticsManager] dbms.connector.https.type=HTTP
2017-05-19 02:55:56.006+0000 INFO [o.n.k.i.DiagnosticsManager] dbms.memory.pagecache.size=512M
2017-05-19 02:55:56.006+0000 INFO [o.n.k.i.DiagnosticsManager] ha.host.data=566e92463cd8:6001
2017-05-19 02:55:56.006+0000 INFO [o.n.k.i.DiagnosticsManager] unsupported.dbms.edition=community
2017-05-19 02:55:56.006+0000 INFO [o.n.k.i.DiagnosticsManager] dbms.directories.logs=/logs
2017-05-19 02:55:56.006+0000 INFO [o.n.k.i.DiagnosticsManager] causal_clustering.transaction_listen_address=0.0.0.0:6000
2017-05-19 02:55:56.006+0000 INFO [o.n.k.i.DiagnosticsManager] wrapper.java.additional=-Dneo4j.ext.udc.source=docker
2017-05-19 02:55:56.006+0000 INFO [o.n.k.i.DiagnosticsManager] Diagnostics providers:
2017-05-19 02:55:56.006+0000 INFO [o.n.k.i.DiagnosticsManager] org.neo4j.kernel.configuration.Config
2017-05-19 02:55:56.006+0000 INFO [o.n.k.i.DiagnosticsManager] org.neo4j.kernel.info.DiagnosticsManager
2017-05-19 02:55:56.007+0000 INFO [o.n.k.i.DiagnosticsManager] SYSTEM_MEMORY
2017-05-19 02:55:56.007+0000 INFO [o.n.k.i.DiagnosticsManager] JAVA_MEMORY
2017-05-19 02:55:56.007+0000 INFO [o.n.k.i.DiagnosticsManager] OPERATING_SYSTEM
2017-05-19 02:55:56.007+0000 INFO [o.n.k.i.DiagnosticsManager] JAVA_VIRTUAL_MACHINE
2017-05-19 02:55:56.007+0000 INFO [o.n.k.i.DiagnosticsManager] CLASSPATH
2017-05-19 02:55:56.007+0000 INFO [o.n.k.i.DiagnosticsManager] LIBRARY_PATH
2017-05-19 02:55:56.007+0000 INFO [o.n.k.i.DiagnosticsManager] SYSTEM_PROPERTIES
2017-05-19 02:55:56.007+0000 INFO [o.n.k.i.DiagnosticsManager] LINUX_SCHEDULERS
2017-05-19 02:55:56.007+0000 INFO [o.n.k.i.DiagnosticsManager] NETWORK
2017-05-19 02:55:56.007+0000 INFO [o.n.k.i.DiagnosticsManager] System memory information:
2017-05-19 02:55:56.015+0000 INFO [o.n.k.i.DiagnosticsManager] Total Physical memory: 1.95 GB
2017-05-19 02:55:56.015+0000 INFO [o.n.k.i.DiagnosticsManager] Free Physical memory: 924.13 MB
2017-05-19 02:55:56.015+0000 INFO [o.n.k.i.DiagnosticsManager] Committed virtual memory: 1.95 GB
2017-05-19 02:55:56.015+0000 INFO [o.n.k.i.DiagnosticsManager] Total swap space: 3.90 GB
2017-05-19 02:55:56.016+0000 INFO [o.n.k.i.DiagnosticsManager] Free swap space: 3.90 GB
2017-05-19 02:55:56.016+0000 INFO [o.n.k.i.DiagnosticsManager] JVM memory information:
2017-05-19 02:55:56.016+0000 INFO [o.n.k.i.DiagnosticsManager] Free  memory: 482.00 MB
2017-05-19 02:55:56.016+0000 INFO [o.n.k.i.DiagnosticsManager] Total memory: 512.00 MB
2017-05-19 02:55:56.016+0000 INFO [o.n.k.i.DiagnosticsManager] Max   memory: 512.00 MB
2017-05-19 02:55:56.021+0000 INFO [o.n.k.i.DiagnosticsManager] Garbage Collector: G1 Young Generation: [G1 Eden Space, G1 Survivor Space]
2017-05-19 02:55:56.021+0000 INFO [o.n.k.i.DiagnosticsManager] Garbage Collector: G1 Old Generation: [G1 Eden Space, G1 Survivor Space, G1 Old Gen]
2017-05-19 02:55:56.022+0000 INFO [o.n.k.i.DiagnosticsManager] Memory Pool: Code Cache (Non-heap memory): committed=5.50 MB, used=5.44 MB, max=240.00 MB, threshold=0.00 B
2017-05-19 02:55:56.022+0000 INFO [o.n.k.i.DiagnosticsManager] Memory Pool: Metaspace (Non-heap memory): committed=15.00 MB, used=14.14 MB, max=-1.00 B, threshold=0.00 B
2017-05-19 02:55:56.023+0000 INFO [o.n.k.i.DiagnosticsManager] Memory Pool: Compressed Class Space (Non-heap memory): committed=2.00 MB, used=1.74 MB, max=1.00 GB, threshold=0.00 B
2017-05-19 02:55:56.023+0000 INFO [o.n.k.i.DiagnosticsManager] Memory Pool: G1 Eden Space (Heap memory): committed=42.00 MB, used=20.00 MB, max=-1.00 B, threshold=?
2017-05-19 02:55:56.023+0000 INFO [o.n.k.i.DiagnosticsManager] Memory Pool: G1 Survivor Space (Heap memory): committed=2.00 MB, used=2.00 MB, max=-1.00 B, threshold=?
2017-05-19 02:55:56.023+0000 INFO [o.n.k.i.DiagnosticsManager] Memory Pool: G1 Old Gen (Heap memory): committed=468.00 MB, used=7.50 MB, max=512.00 MB, threshold=0.00 B
2017-05-19 02:55:56.023+0000 INFO [o.n.k.i.DiagnosticsManager] Operating system information:
2017-05-19 02:55:56.024+0000 INFO [o.n.k.i.DiagnosticsManager] Operating System: Linux; version: 4.9.27-moby; arch: amd64; cpus: 2
2017-05-19 02:55:56.024+0000 INFO [o.n.k.i.DiagnosticsManager] Max number of file descriptors: 1048576
2017-05-19 02:55:56.025+0000 INFO [o.n.k.i.DiagnosticsManager] Number of open file descriptors: 99
2017-05-19 02:55:56.028+0000 INFO [o.n.k.i.DiagnosticsManager] Process id: 1@566e92463cd8
2017-05-19 02:55:56.028+0000 INFO [o.n.k.i.DiagnosticsManager] Byte order: LITTLE_ENDIAN
2017-05-19 02:55:56.029+0000 INFO [o.n.k.i.DiagnosticsManager] Local timezone: GMT
2017-05-19 02:55:56.029+0000 INFO [o.n.k.i.DiagnosticsManager] JVM information:
2017-05-19 02:55:56.029+0000 INFO [o.n.k.i.DiagnosticsManager] VM Name: OpenJDK 64-Bit Server VM
2017-05-19 02:55:56.029+0000 INFO [o.n.k.i.DiagnosticsManager] VM Vendor: Oracle Corporation
2017-05-19 02:55:56.030+0000 INFO [o.n.k.i.DiagnosticsManager] VM Version: 25.121-b13
2017-05-19 02:55:56.030+0000 INFO [o.n.k.i.DiagnosticsManager] JIT compiler: HotSpot 64-Bit Tiered Compilers
2017-05-19 02:55:56.031+0000 INFO [o.n.k.i.DiagnosticsManager] VM Arguments: [-Xms512M, -Xmx512M, -XX:+UseG1GC, -XX:-OmitStackTraceInFastThrow, -XX:+AlwaysPreTouch, -XX:+UnlockExperimentalVMOptions, -XX:+TrustFinalNonStaticFields, -XX:+DisableExplicitGC, -Djdk.tls.ephemeralDHKeySize=2048, -Dunsupported.dbms.udc.source=tarball, -Dfile.encoding=UTF-8]
2017-05-19 02:55:56.031+0000 INFO [o.n.k.i.DiagnosticsManager] Java classpath:
2017-05-19 02:55:56.036+0000 INFO [o.n.k.i.DiagnosticsManager]  [classpath + loader.0] file:/var/lib/neo4j/lib/jetty-util-9.2.9.v20150224.jar
2017-05-19 02:55:56.036+0000 INFO [o.n.k.i.DiagnosticsManager]  [classpath + loader.0] file:/var/lib/neo4j/lib/neo4j-command-line-3.2.0.jar
2017-05-19 02:55:56.036+0000 INFO [o.n.k.i.DiagnosticsManager]  [classpath + loader.0] file:/var/lib/neo4j/lib/neo4j-unsafe-3.2.0.jar
2017-05-19 02:55:56.036+0000 INFO [o.n.k.i.DiagnosticsManager]  [classpath + loader.0] file:/var/lib/neo4j/lib/jackson-core-asl-1.9.13.jar
2017-05-19 02:55:56.036+0000 INFO [o.n.k.i.DiagnosticsManager]  [loader.1] file:/usr/lib/jvm/java-1.8-openjdk/jre/lib/ext/jaccess.jar
2017-05-19 02:55:56.036+0000 INFO [o.n.k.i.DiagnosticsManager]  [classpath + loader.0] file:/var/lib/neo4j/lib/jetty-server-9.2.9.v20150224.jar
2017-05-19 02:55:56.036+0000 INFO [o.n.k.i.DiagnosticsManager]  [classpath + loader.0] file:/var/lib/neo4j/lib/scala-reflect-2.11.8.jar
2017-05-19 02:55:56.037+0000 INFO [o.n.k.i.DiagnosticsManager]  [classpath + loader.0] file:/var/lib/neo4j/lib/commons-io-2.4.jar
2017-05-19 02:55:56.037+0000 INFO [o.n.k.i.DiagnosticsManager]  [classpath + loader.0] file:/var/lib/neo4j/lib/concurrentlinkedhashmap-lru-1.4.2.jar
2017-05-19 02:55:56.037+0000 INFO [o.n.k.i.DiagnosticsManager]  [classpath + loader.0] file:/var/lib/neo4j/lib/neo4j-logging-3.2.0.jar
2017-05-19 02:55:56.037+0000 INFO [o.n.k.i.DiagnosticsManager]  [classpath + loader.0] file:/var/lib/neo4j/lib/neo4j-kernel-3.2.0.jar
2017-05-19 02:55:56.037+0000 INFO [o.n.k.i.DiagnosticsManager]  [classpath + loader.0] file:/var/lib/neo4j/lib/neo4j-bolt-3.2.0.jar
2017-05-19 02:55:56.037+0000 INFO [o.n.k.i.DiagnosticsManager]  [classpath + loader.0] file:/var/lib/neo4j/lib/neo4j-jmx-3.2.0.jar
2017-05-19 02:55:56.037+0000 INFO [o.n.k.i.DiagnosticsManager]  [classpath + loader.0] file:/var/lib/neo4j/lib/jetty-io-9.2.9.v20150224.jar
2017-05-19 02:55:56.037+0000 INFO [o.n.k.i.DiagnosticsManager]  [classpath + loader.0] file:/var/lib/neo4j/lib/server-api-3.2.0.jar
2017-05-19 02:55:56.037+0000 INFO [o.n.k.i.DiagnosticsManager]  [bootstrap] /usr/lib/jvm/java-1.8-openjdk/jre/lib/jce.jar
2017-05-19 02:55:56.037+0000 INFO [o.n.k.i.DiagnosticsManager]  [classpath + loader.0] file:/var/lib/neo4j/lib/commons-beanutils-1.8.3.jar
2017-05-19 02:55:56.037+0000 INFO [o.n.k.i.DiagnosticsManager]  [classpath + loader.0] file:/var/lib/neo4j/lib/jersey-core-1.19.jar
2017-05-19 02:55:56.037+0000 INFO [o.n.k.i.DiagnosticsManager]  [classpath + loader.0] file:/var/lib/neo4j/lib/neo4j-import-tool-3.2.0.jar
2017-05-19 02:55:56.037+0000 INFO [o.n.k.i.DiagnosticsManager]  [classpath + loader.0] file:/var/lib/neo4j/lib/commons-configuration-1.10.jar
2017-05-19 02:55:56.037+0000 INFO [o.n.k.i.DiagnosticsManager]  [classpath + loader.0] file:/var/lib/neo4j/lib/neo4j-cypher-ir-3.2-3.2.0.jar
2017-05-19 02:55:56.037+0000 INFO [o.n.k.i.DiagnosticsManager]  [classpath + loader.0] file:/var/lib/neo4j/lib/neo4j-security-3.2.0.jar
2017-05-19 02:55:56.037+0000 INFO [o.n.k.i.DiagnosticsManager]  [classpath + loader.0] file:/var/lib/neo4j/lib/netty-all-4.1.8.Final.jar
2017-05-19 02:55:56.037+0000 INFO [o.n.k.i.DiagnosticsManager]  [loader.1] file:/usr/lib/jvm/java-1.8-openjdk/jre/lib/ext/sunec.jar
2017-05-19 02:55:56.037+0000 INFO [o.n.k.i.DiagnosticsManager]  [classpath + loader.0] file:/var/lib/neo4j/lib/neo4j-primitive-collections-3.2.0.jar
2017-05-19 02:55:56.038+0000 INFO [o.n.k.i.DiagnosticsManager]  [classpath + loader.0] file:/var/lib/neo4j/lib/lucene-codecs-5.5.0.jar
2017-05-19 02:55:56.038+0000 INFO [o.n.k.i.DiagnosticsManager]  [bootstrap] /usr/lib/jvm/java-1.8-openjdk/jre/classes
2017-05-19 02:55:56.038+0000 INFO [o.n.k.i.DiagnosticsManager]  [classpath + loader.0] file:/var/lib/neo4j/lib/neo4j-cypher-compiler-3.2-3.2.0.jar
2017-05-19 02:55:56.038+0000 INFO [o.n.k.i.DiagnosticsManager]  [classpath + loader.0] file:/var/lib/neo4j/lib/neo4j-csv-3.2.0.jar
2017-05-19 02:55:56.038+0000 INFO [o.n.k.i.DiagnosticsManager]  [classpath + loader.0] file:/var/lib/neo4j/lib/neo4j-cypher-3.2.0.jar
2017-05-19 02:55:56.038+0000 INFO [o.n.k.i.DiagnosticsManager]  [classpath + loader.0] file:/var/lib/neo4j/lib/neo4j-udc-3.2.0.jar
2017-05-19 02:55:56.038+0000 INFO [o.n.k.i.DiagnosticsManager]  [classpath + loader.0] file:/var/lib/neo4j/lib/neo4j-cypher-frontend-3.2-3.2.0.jar
2017-05-19 02:55:56.038+0000 INFO [o.n.k.i.DiagnosticsManager]  [classpath + loader.0] file:/var/lib/neo4j/lib/neo4j-graph-matching-3.1.3.jar
2017-05-19 02:55:56.038+0000 INFO [o.n.k.i.DiagnosticsManager]  [classpath + loader.0] file:/var/lib/neo4j/lib/bcprov-jdk15on-1.53.jar
2017-05-19 02:55:56.038+0000 INFO [o.n.k.i.DiagnosticsManager]  [classpath + loader.0] file:/var/lib/neo4j/lib/neo4j-lucene-index-3.2.0.jar
2017-05-19 02:55:56.038+0000 INFO [o.n.k.i.DiagnosticsManager]  [classpath + loader.0] file:/var/lib/neo4j/lib/javax.servlet-api-3.1.0.jar
2017-05-19 02:55:56.038+0000 INFO [o.n.k.i.DiagnosticsManager]  [classpath + loader.0] file:/var/lib/neo4j/lib/commons-digester-2.1.jar
2017-05-19 02:55:56.038+0000 INFO [o.n.k.i.DiagnosticsManager]  [bootstrap] /usr/lib/jvm/java-1.8-openjdk/jre/lib/rt.jar
2017-05-19 02:55:56.038+0000 INFO [o.n.k.i.DiagnosticsManager]  [loader.1] file:/usr/lib/jvm/java-1.8-openjdk/jre/lib/ext/localedata.jar
2017-05-19 02:55:56.038+0000 INFO [o.n.k.i.DiagnosticsManager]  [classpath + loader.0] file:/var/lib/neo4j/lib/neo4j-consistency-check-3.2.0.jar
2017-05-19 02:55:56.038+0000 INFO [o.n.k.i.DiagnosticsManager]  [classpath + loader.0] file:/var/lib/neo4j/plugins/
2017-05-19 02:55:56.038+0000 INFO [o.n.k.i.DiagnosticsManager]  [loader.1] file:/usr/lib/jvm/java-1.8-openjdk/jre/lib/ext/sunjce_provider.jar
2017-05-19 02:55:56.038+0000 INFO [o.n.k.i.DiagnosticsManager]  [classpath + loader.0] file:/var/lib/neo4j/lib/commons-lang-2.6.jar
2017-05-19 02:55:56.039+0000 INFO [o.n.k.i.DiagnosticsManager]  [classpath + loader.0] file:/var/lib/neo4j/lib/jetty-servlet-9.2.9.v20150224.jar
2017-05-19 02:55:56.039+0000 INFO [o.n.k.i.DiagnosticsManager]  [classpath + loader.0] file:/var/lib/neo4j/lib/rhino-1.7R4.jar
2017-05-19 02:55:56.039+0000 INFO [o.n.k.i.DiagnosticsManager]  [classpath + loader.0] file:/var/lib/neo4j/lib/neo4j-codegen-3.2.0.jar
2017-05-19 02:55:56.039+0000 INFO [o.n.k.i.DiagnosticsManager]  [classpath + loader.0] file:/var/lib/neo4j/lib/jetty-http-9.2.9.v20150224.jar
2017-05-19 02:55:56.039+0000 INFO [o.n.k.i.DiagnosticsManager]  [classpath + loader.0] file:/var/lib/neo4j/lib/neo4j-resource-3.2.0.jar
2017-05-19 02:55:56.039+0000 INFO [o.n.k.i.DiagnosticsManager]  [classpath + loader.0] file:/var/lib/neo4j/lib/commons-lang3-3.3.2.jar
2017-05-19 02:55:56.039+0000 INFO [o.n.k.i.DiagnosticsManager]  [loader.1] file:/usr/lib/jvm/java-1.8-openjdk/jre/lib/ext/nashorn.jar
2017-05-19 02:55:56.039+0000 INFO [o.n.k.i.DiagnosticsManager]  [classpath + loader.0] file:/var/lib/neo4j/lib/scala-library-2.11.8.jar
2017-05-19 02:55:56.039+0000 INFO [o.n.k.i.DiagnosticsManager]  [classpath + loader.0] file:/var/lib/neo4j/lib/neo4j-dbms-3.2.0.jar
2017-05-19 02:55:56.039+0000 INFO [o.n.k.i.DiagnosticsManager]  [classpath + loader.0] file:/var/lib/neo4j/lib/lucene-queryparser-5.5.0.jar
2017-05-19 02:55:56.039+0000 INFO [o.n.k.i.DiagnosticsManager]  [classpath + loader.0] file:/var/lib/neo4j/lib/jetty-security-9.2.9.v20150224.jar
2017-05-19 02:55:56.039+0000 INFO [o.n.k.i.DiagnosticsManager]  [loader.1] file:/usr/lib/jvm/java-1.8-openjdk/jre/lib/ext/dnsns.jar
2017-05-19 02:55:56.039+0000 INFO [o.n.k.i.DiagnosticsManager]  [classpath + loader.0] file:/var/lib/neo4j/lib/neo4j-cypher-compiler-2.3-2.3.10.jar
2017-05-19 02:55:56.039+0000 INFO [o.n.k.i.DiagnosticsManager]  [bootstrap] /usr/lib/jvm/java-1.8-openjdk/jre/lib/jfr.jar
2017-05-19 02:55:56.039+0000 INFO [o.n.k.i.DiagnosticsManager]  [classpath + loader.0] file:/var/lib/neo4j/lib/jline-2.12.jar
2017-05-19 02:55:56.039+0000 INFO [o.n.k.i.DiagnosticsManager]  [classpath + loader.0] file:/var/lib/neo4j/lib/neo4j-server-3.2.0.jar
2017-05-19 02:55:56.039+0000 INFO [o.n.k.i.DiagnosticsManager]  [classpath + loader.0] file:/var/lib/neo4j/lib/jersey-server-1.19.jar
2017-05-19 02:55:56.049+0000 INFO [o.n.k.i.DiagnosticsManager]  [classpath + loader.0] file:/var/lib/neo4j/lib/asm-5.2.jar
2017-05-19 02:55:56.049+0000 INFO [o.n.k.i.DiagnosticsManager]  [classpath + loader.0] file:/var/lib/neo4j/conf/
2017-05-19 02:55:56.049+0000 INFO [o.n.k.i.DiagnosticsManager]  [loader.1] file:/usr/lib/jvm/java-1.8-openjdk/jre/lib/ext/sunpkcs11.jar
2017-05-19 02:55:56.049+0000 INFO [o.n.k.i.DiagnosticsManager]  [classpath + loader.0] file:/var/lib/neo4j/lib/neo4j-shell-3.2.0.jar
2017-05-19 02:55:56.049+0000 INFO [o.n.k.i.DiagnosticsManager]  [classpath + loader.0] file:/var/lib/neo4j/lib/bcpkix-jdk15on-1.53.jar
2017-05-19 02:55:56.049+0000 INFO [o.n.k.i.DiagnosticsManager]  [classpath + loader.0] file:/var/lib/neo4j/lib/commons-compress-1.12.jar
2017-05-19 02:55:56.049+0000 INFO [o.n.k.i.DiagnosticsManager]  [classpath + loader.0] file:/var/lib/neo4j/lib/opencsv-2.3.jar
2017-05-19 02:55:56.049+0000 INFO [o.n.k.i.DiagnosticsManager]  [classpath + loader.0] file:/var/lib/neo4j/lib/parboiled-scala_2.11-1.1.7.jar
2017-05-19 02:55:56.049+0000 INFO [o.n.k.i.DiagnosticsManager]  [classpath + loader.0] file:/var/lib/neo4j/lib/caffeine-2.3.3.jar
2017-05-19 02:55:56.049+0000 INFO [o.n.k.i.DiagnosticsManager]  [classpath + loader.0] file:/var/lib/neo4j/lib/jersey-servlet-1.19.jar
2017-05-19 02:55:56.049+0000 INFO [o.n.k.i.DiagnosticsManager]  [classpath + loader.0] file:/var/lib/neo4j/lib/lucene-analyzers-common-5.5.0.jar
2017-05-19 02:55:56.049+0000 INFO [o.n.k.i.DiagnosticsManager]  [classpath + loader.0] file:/var/lib/neo4j/lib/neo4j-collections-3.2.0.jar
2017-05-19 02:55:56.049+0000 INFO [o.n.k.i.DiagnosticsManager]  [classpath + loader.0] file:/var/lib/neo4j/lib/lucene-core-5.5.0.jar
2017-05-19 02:55:56.049+0000 INFO [o.n.k.i.DiagnosticsManager]  [bootstrap] /usr/lib/jvm/java-1.8-openjdk/jre/lib/resources.jar
2017-05-19 02:55:56.049+0000 INFO [o.n.k.i.DiagnosticsManager]  [bootstrap] /usr/lib/jvm/java-1.8-openjdk/jre/lib/charsets.jar
2017-05-19 02:55:56.049+0000 INFO [o.n.k.i.DiagnosticsManager]  [classpath + loader.0] file:/var/lib/neo4j/lib/jetty-webapp-9.2.9.v20150224.jar
2017-05-19 02:55:56.049+0000 INFO [o.n.k.i.DiagnosticsManager]  [classpath + loader.0] file:/var/lib/neo4j/lib/jackson-mapper-asl-1.9.13.jar
2017-05-19 02:55:56.049+0000 INFO [o.n.k.i.DiagnosticsManager]  [classpath + loader.0] file:/var/lib/neo4j/lib/neo4j-common-3.2.0.jar
2017-05-19 02:55:56.049+0000 INFO [o.n.k.i.DiagnosticsManager]  [classpath + loader.0] file:/var/lib/neo4j/lib/neo4j-cypher-compiler-3.1-3.1.4.jar
2017-05-19 02:55:56.050+0000 INFO [o.n.k.i.DiagnosticsManager]  [classpath + loader.0] file:/var/lib/neo4j/lib/jetty-xml-9.2.9.v20150224.jar
2017-05-19 02:55:56.050+0000 INFO [o.n.k.i.DiagnosticsManager]  [classpath + loader.0] file:/var/lib/neo4j/lib/neo4j-browser-3.0.1.jar
2017-05-19 02:55:56.050+0000 INFO [o.n.k.i.DiagnosticsManager]  [classpath + loader.0] file:/var/lib/neo4j/lib/jackson-jaxrs-1.9.13.jar
2017-05-19 02:55:56.050+0000 INFO [o.n.k.i.DiagnosticsManager]  [loader.1] file:/usr/lib/jvm/java-1.8-openjdk/jre/lib/ext/zipfs.jar
2017-05-19 02:55:56.050+0000 INFO [o.n.k.i.DiagnosticsManager]  [classpath + loader.0] file:/var/lib/neo4j/lib/neo4j-configuration-3.2.0.jar
2017-05-19 02:55:56.050+0000 INFO [o.n.k.i.DiagnosticsManager]  [classpath + loader.0] file:/var/lib/neo4j/plugins/*
2017-05-19 02:55:56.050+0000 INFO [o.n.k.i.DiagnosticsManager]  [classpath + loader.0] file:/var/lib/neo4j/lib/neo4j-cypher-frontend-2.3-2.3.10.jar
2017-05-19 02:55:56.050+0000 INFO [o.n.k.i.DiagnosticsManager]  [loader.1] file:/usr/lib/jvm/java-1.8-openjdk/jre/lib/ext/cldrdata.jar
2017-05-19 02:55:56.050+0000 INFO [o.n.k.i.DiagnosticsManager]  [classpath + loader.0] file:/var/lib/neo4j/lib/jsr311-api-1.1.2.r612.jar
2017-05-19 02:55:56.050+0000 INFO [o.n.k.i.DiagnosticsManager]  [classpath + loader.0] file:/var/lib/neo4j/lib/neo4j-lucene-upgrade-3.2.0.jar
2017-05-19 02:55:56.050+0000 INFO [o.n.k.i.DiagnosticsManager]  [classpath + loader.0] file:/var/lib/neo4j/lib/jersey-multipart-1.19.jar
2017-05-19 02:55:56.050+0000 INFO [o.n.k.i.DiagnosticsManager]  [bootstrap] /usr/lib/jvm/java-1.8-openjdk/jre/lib/jsse.jar
2017-05-19 02:55:56.050+0000 INFO [o.n.k.i.DiagnosticsManager]  [classpath + loader.0] file:/var/lib/neo4j/lib/neo4j-io-3.2.0.jar
2017-05-19 02:55:56.050+0000 INFO [o.n.k.i.DiagnosticsManager]  [bootstrap] /usr/lib/jvm/java-1.8-openjdk/jre/lib/sunrsasign.jar
2017-05-19 02:55:56.050+0000 INFO [o.n.k.i.DiagnosticsManager]  [classpath + loader.0] file:/var/lib/neo4j/lib/neo4j-graphdb-api-3.2.0.jar
2017-05-19 02:55:56.050+0000 INFO [o.n.k.i.DiagnosticsManager]  [classpath + loader.0] file:/var/lib/neo4j/lib/neo4j-cypher-frontend-3.1-3.1.4.jar
2017-05-19 02:55:56.050+0000 INFO [o.n.k.i.DiagnosticsManager]  [classpath + loader.0] file:/var/lib/neo4j/lib/commons-logging-1.1.1.jar
2017-05-19 02:55:56.050+0000 INFO [o.n.k.i.DiagnosticsManager]  [classpath + loader.0] file:/var/lib/neo4j/lib/parboiled-core-1.1.7.jar
2017-05-19 02:55:56.050+0000 INFO [o.n.k.i.DiagnosticsManager]  [classpath + loader.0] file:/var/lib/neo4j/lib/neo4j-graph-algo-3.2.0.jar
2017-05-19 02:55:56.050+0000 INFO [o.n.k.i.DiagnosticsManager]  [classpath + loader.0] file:/var/lib/neo4j/lib/mimepull-1.9.3.jar
2017-05-19 02:55:56.050+0000 INFO [o.n.k.i.DiagnosticsManager]  [classpath + loader.0] file:/var/lib/neo4j/lib/neo4j-index-3.2.0.jar
2017-05-19 02:55:56.051+0000 INFO [o.n.k.i.DiagnosticsManager] Library path:
2017-05-19 02:55:56.051+0000 INFO [o.n.k.i.DiagnosticsManager] /usr/lib/jvm/java-1.8-openjdk/jre/lib/amd64/server
2017-05-19 02:55:56.051+0000 INFO [o.n.k.i.DiagnosticsManager] /usr/lib/jvm/java-1.8-openjdk/jre/lib/amd64
2017-05-19 02:55:56.051+0000 INFO [o.n.k.i.DiagnosticsManager] /usr/lib/jvm/java-1.8-openjdk/lib/amd64
2017-05-19 02:55:56.051+0000 INFO [o.n.k.i.DiagnosticsManager] /usr/java/packages/lib/amd64
2017-05-19 02:55:56.051+0000 INFO [o.n.k.i.DiagnosticsManager] /usr/lib64
2017-05-19 02:55:56.051+0000 INFO [o.n.k.i.DiagnosticsManager] /lib64
2017-05-19 02:55:56.051+0000 INFO [o.n.k.i.DiagnosticsManager] /lib
2017-05-19 02:55:56.052+0000 INFO [o.n.k.i.DiagnosticsManager] /usr/lib
2017-05-19 02:55:56.052+0000 INFO [o.n.k.i.DiagnosticsManager] System.properties:
2017-05-19 02:55:56.052+0000 INFO [o.n.k.i.DiagnosticsManager] sun.boot.library.path = /usr/lib/jvm/java-1.8-openjdk/jre/lib/amd64
2017-05-19 02:55:56.052+0000 INFO [o.n.k.i.DiagnosticsManager] path.separator = :
2017-05-19 02:55:56.052+0000 INFO [o.n.k.i.DiagnosticsManager] file.encoding.pkg = sun.io
2017-05-19 02:55:56.052+0000 INFO [o.n.k.i.DiagnosticsManager] user.country = US
2017-05-19 02:55:56.052+0000 INFO [o.n.k.i.DiagnosticsManager] sun.java.launcher = SUN_STANDARD
2017-05-19 02:55:56.052+0000 INFO [o.n.k.i.DiagnosticsManager] sun.os.patch.level = unknown
2017-05-19 02:55:56.052+0000 INFO [o.n.k.i.DiagnosticsManager] user.dir = /var/lib/neo4j
2017-05-19 02:55:56.052+0000 INFO [o.n.k.i.DiagnosticsManager] sun.jnu.encoding = UTF-8
2017-05-19 02:55:56.053+0000 INFO [o.n.k.i.DiagnosticsManager] unsupported.dbms.udc.source = tarball
2017-05-19 02:55:56.053+0000 INFO [o.n.k.i.DiagnosticsManager] sun.management.compiler = HotSpot 64-Bit Tiered Compilers
2017-05-19 02:55:56.053+0000 INFO [o.n.k.i.DiagnosticsManager] user.home = /root
2017-05-19 02:55:56.053+0000 INFO [o.n.k.i.DiagnosticsManager] user.timezone = GMT
2017-05-19 02:55:56.053+0000 INFO [o.n.k.i.DiagnosticsManager] file.encoding = UTF-8
2017-05-19 02:55:56.053+0000 INFO [o.n.k.i.DiagnosticsManager] user.name = root
2017-05-19 02:55:56.053+0000 INFO [o.n.k.i.DiagnosticsManager] sun.java.command = org.neo4j.server.CommunityEntryPoint --home-dir=/var/lib/neo4j --config-dir=/var/lib/neo4j/conf
2017-05-19 02:55:56.053+0000 INFO [o.n.k.i.DiagnosticsManager] sun.arch.data.model = 64
2017-05-19 02:55:56.053+0000 INFO [o.n.k.i.DiagnosticsManager] user.language = en
2017-05-19 02:55:56.053+0000 INFO [o.n.k.i.DiagnosticsManager] awt.toolkit = sun.awt.X11.XToolkit
2017-05-19 02:55:56.053+0000 INFO [o.n.k.i.DiagnosticsManager] jdk.tls.ephemeralDHKeySize = 2048
2017-05-19 02:55:56.053+0000 INFO [o.n.k.i.DiagnosticsManager] file.separator = /
2017-05-19 02:55:56.054+0000 INFO [o.n.k.i.DiagnosticsManager] sun.io.unicode.encoding = UnicodeLittle
2017-05-19 02:55:56.055+0000 INFO [o.n.k.i.DiagnosticsManager] sun.cpu.endian = little
2017-05-19 02:55:56.055+0000 INFO [o.n.k.i.DiagnosticsManager] sun.cpu.isalist = 
2017-05-19 02:55:56.055+0000 INFO [o.n.k.i.DiagnosticsManager] Linux scheduler information:
2017-05-19 02:55:56.070+0000 INFO [o.n.k.i.DiagnosticsManager] none
2017-05-19 02:55:56.071+0000 INFO [o.n.k.i.DiagnosticsManager] none
2017-05-19 02:55:56.071+0000 INFO [o.n.k.i.DiagnosticsManager] none
2017-05-19 02:55:56.071+0000 INFO [o.n.k.i.DiagnosticsManager] none
2017-05-19 02:55:56.072+0000 INFO [o.n.k.i.DiagnosticsManager] none
2017-05-19 02:55:56.072+0000 INFO [o.n.k.i.DiagnosticsManager] none
2017-05-19 02:55:56.072+0000 INFO [o.n.k.i.DiagnosticsManager] none
2017-05-19 02:55:56.073+0000 INFO [o.n.k.i.DiagnosticsManager] none
2017-05-19 02:55:56.073+0000 INFO [o.n.k.i.DiagnosticsManager] none
2017-05-19 02:55:56.075+0000 INFO [o.n.k.i.DiagnosticsManager] none
2017-05-19 02:55:56.075+0000 INFO [o.n.k.i.DiagnosticsManager] none
2017-05-19 02:55:56.075+0000 INFO [o.n.k.i.DiagnosticsManager] none
2017-05-19 02:55:56.075+0000 INFO [o.n.k.i.DiagnosticsManager] none
2017-05-19 02:55:56.076+0000 INFO [o.n.k.i.DiagnosticsManager] none
2017-05-19 02:55:56.076+0000 INFO [o.n.k.i.DiagnosticsManager] none
2017-05-19 02:55:56.076+0000 INFO [o.n.k.i.DiagnosticsManager] none
2017-05-19 02:55:56.077+0000 INFO [o.n.k.i.DiagnosticsManager] none
2017-05-19 02:55:56.077+0000 INFO [o.n.k.i.DiagnosticsManager] none
2017-05-19 02:55:56.077+0000 INFO [o.n.k.i.DiagnosticsManager] none
2017-05-19 02:55:56.077+0000 INFO [o.n.k.i.DiagnosticsManager] none
2017-05-19 02:55:56.078+0000 INFO [o.n.k.i.DiagnosticsManager] none
2017-05-19 02:55:56.078+0000 INFO [o.n.k.i.DiagnosticsManager] none
2017-05-19 02:55:56.078+0000 INFO [o.n.k.i.DiagnosticsManager] none
2017-05-19 02:55:56.078+0000 INFO [o.n.k.i.DiagnosticsManager] none
2017-05-19 02:55:56.079+0000 INFO [o.n.k.i.DiagnosticsManager] none
2017-05-19 02:55:56.079+0000 INFO [o.n.k.i.DiagnosticsManager] Network information:
2017-05-19 02:55:56.081+0000 INFO [o.n.k.i.DiagnosticsManager] Interface eth0:
2017-05-19 02:55:56.082+0000 INFO [o.n.k.i.DiagnosticsManager]     address: fe80:0:0:0:42:acff:fe12:2%eth0
2017-05-19 02:55:56.082+0000 INFO [o.n.k.i.DiagnosticsManager]     address: 172.18.0.2
2017-05-19 02:55:56.082+0000 INFO [o.n.k.i.DiagnosticsManager] Interface lo:
2017-05-19 02:55:56.082+0000 INFO [o.n.k.i.DiagnosticsManager]     address: 0:0:0:0:0:0:0:1%lo
2017-05-19 02:55:56.082+0000 INFO [o.n.k.i.DiagnosticsManager]     address: 127.0.0.1
2017-05-19 02:55:56.082+0000 INFO [o.n.k.i.DiagnosticsManager] --- INITIALIZED diagnostics END ---
2017-05-19 02:55:56.543+0000 INFO [o.n.b.v.r.WorkerFactory] Bolt Server extension loaded.
2017-05-19 02:55:56.547+0000 INFO [o.n.b.v.r.WorkerFactory] Bolt enabled on 0.0.0.0:7687.
2017-05-19 02:55:56.758+0000 INFO [o.n.k.i.s.f.RecordFormatSelector] Selected format 'RecordFormat:StandardV3_2[v0.A.8]' for the new store
2017-05-19 02:55:57.779+0000 INFO [o.n.k.i.a.i.IndexingService] IndexingService.init: indexes not specifically mentioned above are null
2017-05-19 02:55:57.789+0000 INFO [o.n.k.i.i.l.NativeLabelScanStore] No scan store found, this might just be first use. Preparing to rebuild.
2017-05-19 02:55:57.801+0000 INFO [o.n.k.a.i.l.LuceneLabelScanStore] No scan store found, this might just be first use. Preparing to rebuild.
2017-05-19 02:55:57.883+0000 INFO [o.n.k.NeoStoreDataSource] Opened logical log [/var/lib/neo4j/data/databases/graph.db/neostore.transaction.db.0] version=0, lastTxId=1 (clean)
2017-05-19 02:55:57.898+0000 INFO [o.n.k.NeoStoreDataSource] No commits found after last check point (which is at <no log position given>)
2017-05-19 02:55:57.918+0000 WARN [o.n.k.i.s.MetaDataStore] Missing counts store, rebuilding it.
2017-05-19 02:55:58.081+0000 INFO [o.n.k.i.a.i.IndexingService] IndexingService.start: indexes not specifically mentioned above are null
2017-05-19 02:55:58.085+0000 INFO [o.n.k.a.i.l.LuceneLabelScanStore] Rebuilding scan store, this may take a while
2017-05-19 02:55:58.088+0000 INFO [o.n.k.i.i.l.NativeLabelScanStore] Rebuilding scan store, this may take a while
2017-05-19 02:55:58.106+0000 INFO [o.n.k.a.i.l.LuceneLabelScanStore] Scan store rebuilt (roughly 0 nodes)
2017-05-19 02:55:58.108+0000 INFO [o.n.k.i.i.l.NativeLabelScanStore] Scan store rebuilt (roughly 0 nodes)
2017-05-19 02:55:58.119+0000 INFO [o.n.k.i.DatabaseHealth] Database health set to OK
2017-05-19 02:55:58.917+0000 WARN [io.netty.util.internal.MacAddressUtil] Failed to find a usable hardware address from the network interfaces; using random bytes: 2d:74:6c:cb:bd:e4:fb:0d
2017-05-19 02:55:59.022+0000 INFO [o.n.k.AvailabilityGuard] Fulfilling of requirement makes database available: Database available
2017-05-19 02:55:59.025+0000 INFO [o.n.k.i.f.GraphDatabaseFacadeFactory] Database is now ready
2017-05-19 02:55:59.031+0000 INFO [o.n.k.i.DiagnosticsManager] --- STARTED diagnostics for KernelDiagnostics:Versions START ---
2017-05-19 02:55:59.033+0000 INFO [o.n.k.i.DiagnosticsManager] Graph Database: community single StoreId{creationTime=1495162557457, randomId=-770883055822902050, storeVersion=15813456178476550, upgradeTime=1495162557457, upgradeId=1}
2017-05-19 02:55:59.035+0000 INFO [o.n.k.i.DiagnosticsManager] Kernel version: 3.2.0,6c8c5763843ef95d9cad8ee618284e703f03e064
2017-05-19 02:55:59.038+0000 INFO [o.n.k.i.DiagnosticsManager] --- STARTED diagnostics for KernelDiagnostics:Versions END ---
2017-05-19 02:55:59.045+0000 INFO [o.n.k.i.DiagnosticsManager] --- STARTED diagnostics for NEO_STORE_VERSIONS START ---
2017-05-19 02:55:59.047+0000 INFO [o.n.k.i.DiagnosticsManager] Store versions:
2017-05-19 02:55:59.049+0000 INFO [o.n.k.i.DiagnosticsManager] Store versions:
2017-05-19 02:55:59.050+0000 INFO [o.n.k.i.DiagnosticsManager]   ArrayPropertyStore v0.A.8
2017-05-19 02:55:59.053+0000 INFO [o.n.k.i.DiagnosticsManager]   NodeStore v0.A.8
2017-05-19 02:55:59.055+0000 INFO [o.n.k.i.DiagnosticsManager]   StringPropertyStore v0.A.8
2017-05-19 02:55:59.056+0000 INFO [o.n.k.i.DiagnosticsManager]   PropertyIndexStore v0.A.8
2017-05-19 02:55:59.059+0000 INFO [o.n.k.i.DiagnosticsManager]   StringPropertyStore v0.A.8
2017-05-19 02:55:59.061+0000 INFO [o.n.k.i.DiagnosticsManager]   ArrayPropertyStore v0.A.8
2017-05-19 02:55:59.063+0000 INFO [o.n.k.i.DiagnosticsManager]   PropertyStore v0.A.8
2017-05-19 02:55:59.065+0000 INFO [o.n.k.i.DiagnosticsManager]   RelationshipStore v0.A.8
2017-05-19 02:55:59.067+0000 INFO [o.n.k.i.DiagnosticsManager]   StringPropertyStore v0.A.8
2017-05-19 02:55:59.069+0000 INFO [o.n.k.i.DiagnosticsManager]   RelationshipTypeStore v0.A.8
2017-05-19 02:55:59.071+0000 INFO [o.n.k.i.DiagnosticsManager]   StringPropertyStore v0.A.8
2017-05-19 02:55:59.073+0000 INFO [o.n.k.i.DiagnosticsManager]   LabelTokenStore v0.A.8
2017-05-19 02:55:59.075+0000 INFO [o.n.k.i.DiagnosticsManager]   SchemaStore v0.A.8
2017-05-19 02:55:59.078+0000 INFO [o.n.k.i.DiagnosticsManager]   RelationshipGroupStore v0.A.8
2017-05-19 02:55:59.080+0000 INFO [o.n.k.i.DiagnosticsManager]   NeoStore v0.A.8
2017-05-19 02:55:59.083+0000 INFO [o.n.k.i.DiagnosticsManager] --- STARTED diagnostics for NEO_STORE_VERSIONS END ---
2017-05-19 02:55:59.085+0000 INFO [o.n.k.i.DiagnosticsManager] --- STARTED diagnostics for NEO_STORE_ID_USAGE START ---
2017-05-19 02:55:59.087+0000 INFO [o.n.k.i.DiagnosticsManager] Id usage:
2017-05-19 02:55:59.090+0000 INFO [o.n.k.i.DiagnosticsManager] Id usage:
2017-05-19 02:55:59.093+0000 INFO [o.n.k.i.DiagnosticsManager]   ArrayPropertyStore: used=1 high=0
2017-05-19 02:55:59.095+0000 INFO [o.n.k.i.DiagnosticsManager]   NodeStore: used=0 high=-1
2017-05-19 02:55:59.098+0000 INFO [o.n.k.i.DiagnosticsManager]   StringPropertyStore: used=1 high=0
2017-05-19 02:55:59.100+0000 INFO [o.n.k.i.DiagnosticsManager]   PropertyIndexStore: used=0 high=-1
2017-05-19 02:55:59.102+0000 INFO [o.n.k.i.DiagnosticsManager]   StringPropertyStore: used=1 high=0
2017-05-19 02:55:59.104+0000 INFO [o.n.k.i.DiagnosticsManager]   ArrayPropertyStore: used=1 high=0
2017-05-19 02:55:59.107+0000 INFO [o.n.k.i.DiagnosticsManager]   PropertyStore: used=0 high=-1
2017-05-19 02:55:59.109+0000 INFO [o.n.k.i.DiagnosticsManager]   RelationshipStore: used=0 high=-1
2017-05-19 02:55:59.112+0000 INFO [o.n.k.i.DiagnosticsManager]   StringPropertyStore: used=1 high=0
2017-05-19 02:55:59.114+0000 INFO [o.n.k.i.DiagnosticsManager]   RelationshipTypeStore: used=0 high=-1
2017-05-19 02:55:59.117+0000 INFO [o.n.k.i.DiagnosticsManager]   StringPropertyStore: used=1 high=0
2017-05-19 02:55:59.119+0000 INFO [o.n.k.i.DiagnosticsManager]   LabelTokenStore: used=0 high=-1
2017-05-19 02:55:59.122+0000 INFO [o.n.k.i.DiagnosticsManager]   SchemaStore: used=1 high=0
2017-05-19 02:55:59.124+0000 INFO [o.n.k.i.DiagnosticsManager]   RelationshipGroupStore: used=1 high=0
2017-05-19 02:55:59.127+0000 INFO [o.n.k.i.DiagnosticsManager]   NeoStore: used=15 high=14
2017-05-19 02:55:59.129+0000 INFO [o.n.k.i.DiagnosticsManager] --- STARTED diagnostics for NEO_STORE_ID_USAGE END ---
2017-05-19 02:55:59.133+0000 INFO [o.n.k.i.DiagnosticsManager] --- STARTED diagnostics for NEO_STORE_RECORDS START ---
2017-05-19 02:55:59.135+0000 INFO [o.n.k.i.DiagnosticsManager] Neostore records:
2017-05-19 02:55:59.141+0000 INFO [o.n.k.i.DiagnosticsManager] TIME (Creation time): 1495162557457
2017-05-19 02:55:59.143+0000 INFO [o.n.k.i.DiagnosticsManager] RANDOM_NUMBER (Random number for store id): -770883055822902050
2017-05-19 02:55:59.144+0000 INFO [o.n.k.i.DiagnosticsManager] LOG_VERSION (Current log version): 0
2017-05-19 02:55:59.147+0000 INFO [o.n.k.i.DiagnosticsManager] LAST_TRANSACTION_ID (Last committed transaction): 1
2017-05-19 02:55:59.150+0000 INFO [o.n.k.i.DiagnosticsManager] STORE_VERSION (Store format version): 15813456178476550
2017-05-19 02:55:59.152+0000 INFO [o.n.k.i.DiagnosticsManager] FIRST_GRAPH_PROPERTY (First property record containing graph properties): -1
2017-05-19 02:55:59.154+0000 INFO [o.n.k.i.DiagnosticsManager] LAST_CONSTRAINT_TRANSACTION (Last committed transaction containing constraint changes): 0
2017-05-19 02:55:59.156+0000 INFO [o.n.k.i.DiagnosticsManager] UPGRADE_TRANSACTION_ID (Transaction id most recent upgrade was performed at): 1
2017-05-19 02:55:59.159+0000 INFO [o.n.k.i.DiagnosticsManager] UPGRADE_TIME (Time of last upgrade): 1495162557457
2017-05-19 02:55:59.161+0000 INFO [o.n.k.i.DiagnosticsManager] LAST_TRANSACTION_CHECKSUM (Checksum of last committed transaction): 0
2017-05-19 02:55:59.163+0000 INFO [o.n.k.i.DiagnosticsManager] UPGRADE_TRANSACTION_CHECKSUM (Checksum of transaction id the most recent upgrade was performed at): 0
2017-05-19 02:55:59.166+0000 INFO [o.n.k.i.DiagnosticsManager] LAST_CLOSED_TRANSACTION_LOG_VERSION (Log version where the last transaction commit entry has been written into): 0
2017-05-19 02:55:59.168+0000 INFO [o.n.k.i.DiagnosticsManager] LAST_CLOSED_TRANSACTION_LOG_BYTE_OFFSET (Byte offset in the log file where the last transaction commit entry has been written into): 16
2017-05-19 02:55:59.170+0000 INFO [o.n.k.i.DiagnosticsManager] LAST_TRANSACTION_COMMIT_TIMESTAMP (Commit time timestamp for last committed transaction): 0
2017-05-19 02:55:59.172+0000 INFO [o.n.k.i.DiagnosticsManager] UPGRADE_TRANSACTION_COMMIT_TIMESTAMP (Commit timestamp of transaction the most recent upgrade was performed at): 0
2017-05-19 02:55:59.174+0000 INFO [o.n.k.i.DiagnosticsManager] --- STARTED diagnostics for NEO_STORE_RECORDS END ---
2017-05-19 02:55:59.178+0000 INFO [o.n.k.i.DiagnosticsManager] --- STARTED diagnostics for TRANSACTION_RANGE START ---
2017-05-19 02:55:59.180+0000 INFO [o.n.k.i.DiagnosticsManager] Transaction log:
2017-05-19 02:55:59.191+0000 INFO [o.n.k.i.DiagnosticsManager] No transactions found in any log
2017-05-19 02:55:59.193+0000 INFO [o.n.k.i.DiagnosticsManager] --- STARTED diagnostics for TRANSACTION_RANGE END ---
2017-05-19 02:55:59.195+0000 INFO [o.n.k.i.DiagnosticsManager] --- STARTED diagnostics for KernelDiagnostics:StoreFiles START ---
2017-05-19 02:55:59.200+0000 INFO [o.n.k.i.DiagnosticsManager] Disk space on partition (Total / Free / Free %): 120101797888 / 8254414848 / 6
Storage files: (filename : modification date - size)
2017-05-19 02:55:59.207+0000 INFO [o.n.k.i.DiagnosticsManager]   index:
2017-05-19 02:55:59.211+0000 INFO [o.n.k.i.DiagnosticsManager]   - Total: 2017-05-21T18:58:06+0000 - 0.00 B
2017-05-19 02:55:59.215+0000 INFO [o.n.k.i.DiagnosticsManager]   neostore: 2017-05-21T18:58:06+0000 - 8.00 kB
2017-05-19 02:55:59.219+0000 INFO [o.n.k.i.DiagnosticsManager]   neostore.counts.db.a: 2017-05-21T18:58:07+0000 - 96.00 B
2017-05-19 02:55:59.222+0000 INFO [o.n.k.i.DiagnosticsManager]   neostore.id: 2017-05-21T18:58:06+0000 - 9.00 B
2017-05-19 02:55:59.226+0000 INFO [o.n.k.i.DiagnosticsManager]   neostore.labelscanstore.db: 2017-05-21T18:58:07+0000 - 40.00 kB
2017-05-19 02:55:59.230+0000 INFO [o.n.k.i.DiagnosticsManager]   neostore.labeltokenstore.db: 2017-05-21T18:58:06+0000 - 0.00 B
2017-05-19 02:55:59.234+0000 INFO [o.n.k.i.DiagnosticsManager]   neostore.labeltokenstore.db.id: 2017-05-21T18:58:06+0000 - 9.00 B
2017-05-19 02:55:59.239+0000 INFO [o.n.k.i.DiagnosticsManager]   neostore.labeltokenstore.db.names: 2017-05-21T18:58:06+0000 - 8.00 kB
2017-05-19 02:55:59.244+0000 INFO [o.n.k.i.DiagnosticsManager]   neostore.labeltokenstore.db.names.id: 2017-05-21T18:58:06+0000 - 9.00 B
2017-05-19 02:55:59.248+0000 INFO [o.n.k.i.DiagnosticsManager]   neostore.nodestore.db: 2017-05-21T18:58:06+0000 - 0.00 B
2017-05-19 02:55:59.252+0000 INFO [o.n.k.i.DiagnosticsManager]   neostore.nodestore.db.id: 2017-05-21T18:58:06+0000 - 9.00 B
2017-05-19 02:55:59.257+0000 INFO [o.n.k.i.DiagnosticsManager]   neostore.nodestore.db.labels: 2017-05-21T18:58:06+0000 - 8.00 kB
2017-05-19 02:55:59.263+0000 INFO [o.n.k.i.DiagnosticsManager]   neostore.nodestore.db.labels.id: 2017-05-21T18:58:06+0000 - 9.00 B
2017-05-19 02:55:59.267+0000 INFO [o.n.k.i.DiagnosticsManager]   neostore.propertystore.db: 2017-05-21T18:58:06+0000 - 0.00 B
2017-05-19 02:55:59.271+0000 INFO [o.n.k.i.DiagnosticsManager]   neostore.propertystore.db.arrays: 2017-05-21T18:58:06+0000 - 8.00 kB
2017-05-19 02:55:59.276+0000 INFO [o.n.k.i.DiagnosticsManager]   neostore.propertystore.db.arrays.id: 2017-05-21T18:58:06+0000 - 9.00 B
2017-05-19 02:55:59.282+0000 INFO [o.n.k.i.DiagnosticsManager]   neostore.propertystore.db.id: 2017-05-21T18:58:06+0000 - 9.00 B
2017-05-19 02:55:59.287+0000 INFO [o.n.k.i.DiagnosticsManager]   neostore.propertystore.db.index: 2017-05-21T18:58:06+0000 - 0.00 B
2017-05-19 02:55:59.291+0000 INFO [o.n.k.i.DiagnosticsManager]   neostore.propertystore.db.index.id: 2017-05-21T18:58:06+0000 - 9.00 B
2017-05-19 02:55:59.296+0000 INFO [o.n.k.i.DiagnosticsManager]   neostore.propertystore.db.index.keys: 2017-05-21T18:58:06+0000 - 8.00 kB
2017-05-19 02:55:59.302+0000 INFO [o.n.k.i.DiagnosticsManager]   neostore.propertystore.db.index.keys.id: 2017-05-21T18:58:06+0000 - 9.00 B
2017-05-19 02:55:59.306+0000 INFO [o.n.k.i.DiagnosticsManager]   neostore.propertystore.db.strings: 2017-05-21T18:58:06+0000 - 8.00 kB
2017-05-19 02:55:59.310+0000 INFO [o.n.k.i.DiagnosticsManager]   neostore.propertystore.db.strings.id: 2017-05-21T18:58:06+0000 - 9.00 B
2017-05-19 02:55:59.314+0000 INFO [o.n.k.i.DiagnosticsManager]   neostore.relationshipgroupstore.db: 2017-05-21T18:58:06+0000 - 8.00 kB
2017-05-19 02:55:59.319+0000 INFO [o.n.k.i.DiagnosticsManager]   neostore.relationshipgroupstore.db.id: 2017-05-21T18:58:06+0000 - 9.00 B
2017-05-19 02:55:59.324+0000 INFO [o.n.k.i.DiagnosticsManager]   neostore.relationshipstore.db: 2017-05-21T18:58:06+0000 - 0.00 B
2017-05-19 02:55:59.330+0000 INFO [o.n.k.i.DiagnosticsManager]   neostore.relationshipstore.db.id: 2017-05-21T18:58:06+0000 - 9.00 B
2017-05-19 02:55:59.334+0000 INFO [o.n.k.i.DiagnosticsManager]   neostore.relationshiptypestore.db: 2017-05-21T18:58:06+0000 - 0.00 B
2017-05-19 02:55:59.339+0000 INFO [o.n.k.i.DiagnosticsManager]   neostore.relationshiptypestore.db.id: 2017-05-21T18:58:06+0000 - 9.00 B
2017-05-19 02:55:59.345+0000 INFO [o.n.k.i.DiagnosticsManager]   neostore.relationshiptypestore.db.names: 2017-05-21T18:58:06+0000 - 8.00 kB
2017-05-19 02:55:59.349+0000 INFO [o.n.k.i.DiagnosticsManager]   neostore.relationshiptypestore.db.names.id: 2017-05-21T18:58:06+0000 - 9.00 B
2017-05-19 02:55:59.352+0000 INFO [o.n.k.i.DiagnosticsManager]   neostore.schemastore.db: 2017-05-21T18:58:06+0000 - 8.00 kB
2017-05-19 02:55:59.356+0000 INFO [o.n.k.i.DiagnosticsManager]   neostore.schemastore.db.id: 2017-05-21T18:58:06+0000 - 9.00 B
2017-05-19 02:55:59.362+0000 INFO [o.n.k.i.DiagnosticsManager]   neostore.transaction.db.0: 2017-05-21T18:58:07+0000 - 16.00 B
2017-05-19 02:55:59.366+0000 INFO [o.n.k.i.DiagnosticsManager]   store_lock: 2017-05-21T18:58:05+0000 - 0.00 B
2017-05-19 02:55:59.368+0000 INFO [o.n.k.i.DiagnosticsManager] --- STARTED diagnostics for KernelDiagnostics:StoreFiles END ---
2017-05-19 02:56:02.635+0000 INFO [o.n.k.i.DiagnosticsManager] --- SERVER STARTED START ---
2017-05-19 02:56:04.875+0000 INFO [o.n.k.i.DiagnosticsManager] --- SERVER STARTED END ---
2017-05-21 19:13:11.879+0000 WARN [o.n.k.i.c.MonitorGc] GC Monitor: Application threads blocked for 902ms.
2017-05-21 19:33:47.826+0000 WARN [o.n.k.i.c.MonitorGc] GC Monitor: Application threads blocked for 363ms.
2017-05-21 19:50:32.092+0000 WARN [o.n.k.i.c.MonitorGc] GC Monitor: Application threads blocked for 266ms.
2017-05-21 20:00:31.349+0000 WARN [o.n.k.i.c.MonitorGc] GC Monitor: Application threads blocked for 997ms.
2017-05-21 20:31:42.692+0000 WARN [o.n.k.i.c.MonitorGc] GC Monitor: Application threads blocked for 315ms.
2017-05-21 20:31:44.925+0000 INFO [o.n.k.i.t.l.c.CheckPointerImpl] Check Pointing triggered by scheduler for time threshold [2]:  Starting check pointing...
2017-05-21 20:31:44.928+0000 INFO [o.n.k.i.t.l.c.CheckPointerImpl] Check Pointing triggered by scheduler for time threshold [2]:  Starting store flush...
2017-05-21 20:31:44.954+0000 INFO [o.n.k.i.s.c.CountsTracker] About to rotate counts store at transaction 2 to [/var/lib/neo4j/data/databases/graph.db/neostore.counts.db.b], from [/var/lib/neo4j/data/databases/graph.db/neostore.counts.db.a].
2017-05-21 20:31:44.972+0000 INFO [o.n.k.i.s.c.CountsTracker] Successfully rotated counts store at transaction 2 to [/var/lib/neo4j/data/databases/graph.db/neostore.counts.db.b], from [/var/lib/neo4j/data/databases/graph.db/neostore.counts.db.a].
2017-05-21 20:31:44.995+0000 INFO [o.n.k.i.t.l.c.CheckPointerImpl] Check Pointing triggered by scheduler for time threshold [2]:  Store flush completed
2017-05-21 20:31:44.997+0000 INFO [o.n.k.i.t.l.c.CheckPointerImpl] Check Pointing triggered by scheduler for time threshold [2]:  Starting appending check point entry into the tx log...
2017-05-21 20:31:45.001+0000 INFO [o.n.k.i.t.l.c.CheckPointerImpl] Check Pointing triggered by scheduler for time threshold [2]:  Appending check point entry into the tx log completed
2017-05-21 20:31:45.003+0000 INFO [o.n.k.i.t.l.c.CheckPointerImpl] Check Pointing triggered by scheduler for time threshold [2]:  Check pointing completed
2017-05-21 20:31:45.007+0000 INFO [o.n.k.i.t.l.p.LogPruningImpl] Log Rotation [0]:  Starting log pruning.
2017-05-21 20:31:45.011+0000 INFO [o.n.k.i.t.l.p.LogPruningImpl] Log Rotation [0]:  Log pruning complete.
2017-05-21 20:35:00.218+0000 WARN [o.n.k.i.c.MonitorGc] GC Monitor: Application threads blocked for 229ms.
2017-05-21 21:06:46.599+0000 WARN [o.n.k.i.c.MonitorGc] GC Monitor: Application threads blocked for 466ms.
2017-05-21 21:25:41.282+0000 WARN [o.n.k.i.c.MonitorGc] GC Monitor: Application threads blocked for 225ms.
2017-05-21 21:26:51.501+0000 WARN [o.n.k.i.c.MonitorGc] GC Monitor: Application threads blocked for 222ms.
2017-05-21 21:26:55.516+0000 INFO [o.n.k.i.t.l.c.CheckPointerImpl] Check Pointing triggered by scheduler for time threshold [4]:  Starting check pointing...
2017-05-21 21:26:55.520+0000 INFO [o.n.k.i.t.l.c.CheckPointerImpl] Check Pointing triggered by scheduler for time threshold [4]:  Starting store flush...
2017-05-21 21:26:55.553+0000 INFO [o.n.k.i.s.c.CountsTracker] About to rotate counts store at transaction 4 to [/var/lib/neo4j/data/databases/graph.db/neostore.counts.db.a], from [/var/lib/neo4j/data/databases/graph.db/neostore.counts.db.b].
2017-05-21 21:26:55.611+0000 INFO [o.n.k.i.s.c.CountsTracker] Successfully rotated counts store at transaction 4 to [/var/lib/neo4j/data/databases/graph.db/neostore.counts.db.a], from [/var/lib/neo4j/data/databases/graph.db/neostore.counts.db.b].
2017-05-21 21:26:55.637+0000 INFO [o.n.k.i.t.l.c.CheckPointerImpl] Check Pointing triggered by scheduler for time threshold [4]:  Store flush completed
2017-05-21 21:26:55.640+0000 INFO [o.n.k.i.t.l.c.CheckPointerImpl] Check Pointing triggered by scheduler for time threshold [4]:  Starting appending check point entry into the tx log...
2017-05-21 21:26:55.644+0000 INFO [o.n.k.i.t.l.c.CheckPointerImpl] Check Pointing triggered by scheduler for time threshold [4]:  Appending check point entry into the tx log completed
2017-05-21 21:26:55.649+0000 INFO [o.n.k.i.t.l.c.CheckPointerImpl] Check Pointing triggered by scheduler for time threshold [4]:  Check pointing completed
2017-05-21 21:26:55.663+0000 INFO [o.n.k.i.t.l.p.LogPruningImpl] Log Rotation [0]:  Starting log pruning.
2017-05-21 21:26:55.667+0000 INFO [o.n.k.i.t.l.p.LogPruningImpl] Log Rotation [0]:  Log pruning complete.
2017-05-21 21:41:55.796+0000 INFO [o.n.k.i.t.l.c.CheckPointerImpl] Check Pointing triggered by scheduler for time threshold [6]:  Starting check pointing...
2017-05-21 21:41:55.809+0000 INFO [o.n.k.i.t.l.c.CheckPointerImpl] Check Pointing triggered by scheduler for time threshold [6]:  Starting store flush...
2017-05-21 21:41:55.818+0000 INFO [o.n.k.i.s.c.CountsTracker] About to rotate counts store at transaction 6 to [/var/lib/neo4j/data/databases/graph.db/neostore.counts.db.b], from [/var/lib/neo4j/data/databases/graph.db/neostore.counts.db.a].
2017-05-21 21:41:55.850+0000 INFO [o.n.k.i.s.c.CountsTracker] Successfully rotated counts store at transaction 6 to [/var/lib/neo4j/data/databases/graph.db/neostore.counts.db.b], from [/var/lib/neo4j/data/databases/graph.db/neostore.counts.db.a].
2017-05-21 21:41:55.859+0000 INFO [o.n.k.i.t.l.c.CheckPointerImpl] Check Pointing triggered by scheduler for time threshold [6]:  Store flush completed
2017-05-21 21:41:55.861+0000 INFO [o.n.k.i.t.l.c.CheckPointerImpl] Check Pointing triggered by scheduler for time threshold [6]:  Starting appending check point entry into the tx log...
2017-05-21 21:41:55.866+0000 INFO [o.n.k.i.t.l.c.CheckPointerImpl] Check Pointing triggered by scheduler for time threshold [6]:  Appending check point entry into the tx log completed
2017-05-21 21:41:55.868+0000 INFO [o.n.k.i.t.l.c.CheckPointerImpl] Check Pointing triggered by scheduler for time threshold [6]:  Check pointing completed
2017-05-21 21:41:55.870+0000 INFO [o.n.k.i.t.l.p.LogPruningImpl] Log Rotation [0]:  Starting log pruning.
2017-05-21 21:41:55.872+0000 INFO [o.n.k.i.t.l.p.LogPruningImpl] Log Rotation [0]:  Log pruning complete.
2017-05-21 21:45:00.076+0000 WARN [o.n.k.i.c.MonitorGc] GC Monitor: Application threads blocked for 908ms.
2017-05-21 22:12:07.972+0000 WARN [o.n.k.i.c.MonitorGc] GC Monitor: Application threads blocked for 327ms.
2017-05-21 22:18:09.589+0000 WARN [o.n.k.i.c.MonitorGc] GC Monitor: Application threads blocked for 449ms.
2017-05-21 22:35:49.595+0000 WARN [o.n.k.i.c.MonitorGc] GC Monitor: Application threads blocked for 358ms.
2017-05-21 22:37:49.597+0000 WARN [o.n.k.i.c.MonitorGc] GC Monitor: Application threads blocked for 242ms.
2017-05-21 22:45:39.592+0000 WARN [o.n.k.i.c.MonitorGc] GC Monitor: Application threads blocked for 419ms.
2017-05-21 22:58:57.977+0000 WARN [o.n.k.i.c.MonitorGc] GC Monitor: Application threads blocked for 936ms.
2017-05-21 23:11:04.131+0000 WARN [o.n.k.i.c.MonitorGc] GC Monitor: Application threads blocked for 974ms.
2017-05-22 00:01:37.992+0000 WARN [o.n.k.i.c.MonitorGc] GC Monitor: Application threads blocked for 946ms.
